Build started 1/31/2012 1:17:12 PM.
     1>Project "E:\ZhenL\Projects\zhenl010\practice\SRM0001\SRM0001\SRM0001.vcxproj" on node 2 (build target(s)).
     1>PrepareForBuild:
         Creating directory "E:\ZhenL\Projects\zhenl010\practice\SRM0001\Debug\".
       InitializeBuildStatus:
         Creating "Debug\SRM0001.unsuccessfulbuild" because "AlwaysCreate" was specified.
       ClCompile:
         C:\Program Files (x86)\Microsoft Visual Studio 10.0\VC\bin\CL.exe /c /ZI /nologo /W3 /WX- /Od /Oy- /D _MBCS /Gm /EHsc /RTC1 /MDd /GS /fp:precise /Zc:wchar_t /Zc:forScope /Fo"Debug\\" /Fd"Debug\vc100.pdb" /Gd /TP /analyze- /errorReport:prompt main.cpp
         main.cpp
       Link:
         C:\Program Files (x86)\Microsoft Visual Studio 10.0\VC\bin\link.exe /ERRORREPORT:PROMPT /OUT:"E:\ZhenL\Projects\zhenl010\practice\SRM0001\Debug\SRM0001.exe" /NOLOGO kernel32.lib user32.lib gdi32.lib winspool.lib comdlg32.lib advapi32.lib shell32.lib ole32.lib oleaut32.lib uuid.lib odbc32.lib odbccp32.lib /MANIFEST /ManifestFile:"Debug\SRM0001.exe.intermediate.manifest" /MANIFESTUAC:"level='asInvoker' uiAccess='false'" /DEBUG /PDB:"E:\ZhenL\Projects\zhenl010\practice\SRM0001\Debug\SRM0001.pdb" /TLBID:1 /DYNAMICBASE /NXCOMPAT /IMPLIB:"E:\ZhenL\Projects\zhenl010\practice\SRM0001\Debug\SRM0001.lib" /MACHINE:X86 Debug\main.obj
         SRM0001.vcxproj -> E:\ZhenL\Projects\zhenl010\practice\SRM0001\Debug\SRM0001.exe
       Manifest:
         C:\Program Files (x86)\Microsoft SDKs\Windows\v7.0A\bin\mt.exe /nologo /verbose /outputresource:"E:\ZhenL\Projects\zhenl010\practice\SRM0001\Debug\SRM0001.exe;#1" /manifest Debug\SRM0001.exe.intermediate.manifest
       FinalizeBuildStatus:
         Deleting file "Debug\SRM0001.unsuccessfulbuild".
         Touching "Debug\SRM0001.lastbuildstate".
     1>Done Building Project "E:\ZhenL\Projects\zhenl010\practice\SRM0001\SRM0001\SRM0001.vcxproj" (build target(s)).

Build succeeded.

Time Elapsed 00:00:02.19
